TN:
SF:C:\Users\23470\Desktop\Auto-Mart\src/app.js
FN:27,(anonymous_1)
FN:35,(anonymous_2)
FN:41,(anonymous_3)
FN:50,(anonymous_4)
FNF:4
FNH:2
FNDA:0,(anonymous_1)
FNDA:1,(anonymous_2)
FNDA:0,(anonymous_3)
FNDA:1,(anonymous_4)
DA:1,1
DA:2,1
DA:3,1
DA:4,1
DA:5,1
DA:6,1
DA:8,1
DA:9,1
DA:10,1
DA:12,1
DA:13,1
DA:27,1
DA:28,0
DA:31,1
DA:32,1
DA:33,1
DA:35,1
DA:36,1
DA:37,1
DA:38,1
DA:41,1
DA:42,0
DA:43,0
DA:50,1
DA:51,1
DA:54,1
LF:26
LH:23
BRDA:9,0,0,1
BRDA:9,0,1,1
BRDA:42,1,0,0
BRDA:42,1,1,0
BRF:4
BRH:2
end_of_record
TN:
SF:C:\Users\23470\Desktop\Auto-Mart\src\controllers/carController.js
FN:6,createCar
FN:31,getAllCars
FN:46,getOneCar
FN:48,(anonymous_9)
FN:63,deleteCar
FN:66,(anonymous_11)
FN:82,updatePrice
FN:85,(anonymous_13)
FN:101,updateStatus
FN:104,(anonymous_15)
FN:121,getAvailableCars
FN:123,(anonymous_17)
FNF:12
FNH:6
FNDA:1,createCar
FNDA:1,getAllCars
FNDA:1,getOneCar
FNDA:4,(anonymous_9)
FNDA:0,deleteCar
FNDA:0,(anonymous_11)
FNDA:1,updatePrice
FNDA:4,(anonymous_13)
FNDA:0,updateStatus
FNDA:0,(anonymous_15)
FNDA:0,getAvailableCars
FNDA:0,(anonymous_17)
DA:2,1
DA:12,1
DA:23,1
DA:24,1
DA:32,1
DA:33,0
DA:38,1
DA:47,1
DA:48,4
DA:49,1
DA:50,0
DA:55,1
DA:64,0
DA:66,0
DA:67,0
DA:68,0
DA:69,0
DA:76,0
DA:83,1
DA:84,1
DA:85,4
DA:86,1
DA:87,1
DA:88,0
DA:93,1
DA:102,0
DA:103,0
DA:104,0
DA:105,0
DA:106,0
DA:107,0
DA:112,0
DA:121,0
DA:122,0
DA:123,0
DA:124,0
DA:125,0
DA:130,0
DA:138,1
LF:39
LH:17
BRDA:32,0,0,0
BRDA:32,0,1,1
BRDA:49,1,0,0
BRDA:49,1,1,1
BRDA:67,2,0,0
BRDA:67,2,1,0
BRDA:87,3,0,0
BRDA:87,3,1,1
BRDA:106,4,0,0
BRDA:106,4,1,0
BRDA:124,5,0,0
BRDA:124,5,1,0
BRF:12
BRH:3
end_of_record
TN:
SF:C:\Users\23470\Desktop\Auto-Mart\src\controllers/orderController.js
FN:5,createOrder
FN:23,updateOrder
FN:26,(anonymous_8)
FNF:3
FNH:0
FNDA:0,createOrder
FNDA:0,updateOrder
FNDA:0,(anonymous_8)
DA:2,1
DA:6,0
DA:15,0
DA:16,0
DA:24,0
DA:25,0
DA:26,0
DA:27,0
DA:28,0
DA:29,0
DA:33,0
DA:34,0
DA:39,0
DA:47,1
LF:14
LH:2
BRDA:28,0,0,0
BRDA:28,0,1,0
BRDA:33,1,0,0
BRDA:33,1,1,0
BRF:4
BRH:0
end_of_record
TN:
SF:C:\Users\23470\Desktop\Auto-Mart\src\controllers/userControllers.js
FN:12,registerUser
FN:18,(anonymous_7)
FN:25,(anonymous_8)
FN:57,loginUser
FN:64,(anonymous_10)
FN:70,(anonymous_11)
FNF:6
FNH:6
FNDA:1,registerUser
FNDA:2,(anonymous_7)
FNDA:1,(anonymous_8)
FNDA:1,loginUser
FNDA:3,(anonymous_10)
FNDA:1,(anonymous_11)
DA:2,1
DA:3,1
DA:4,1
DA:5,1
DA:6,1
DA:7,1
DA:9,1
DA:12,1
DA:13,1
DA:14,1
DA:15,1
DA:16,0
DA:18,2
DA:19,1
DA:20,0
DA:25,1
DA:26,1
DA:27,0
DA:31,1
DA:40,1
DA:41,1
DA:48,1
DA:57,1
DA:58,1
DA:59,1
DA:61,1
DA:62,0
DA:64,3
DA:65,1
DA:66,0
DA:70,1
DA:71,1
DA:72,0
DA:76,1
DA:77,1
DA:84,1
DA:90,0
DA:97,1
LF:38
LH:31
BRDA:15,0,0,0
BRDA:15,0,1,1
BRDA:19,1,0,0
BRDA:19,1,1,1
BRDA:26,2,0,0
BRDA:26,2,1,1
BRDA:61,3,0,0
BRDA:61,3,1,1
BRDA:65,4,0,0
BRDA:65,4,1,1
BRDA:71,5,0,0
BRDA:71,5,1,1
BRDA:76,6,0,1
BRDA:76,6,1,0
BRF:14
BRH:7
end_of_record
TN:
SF:C:\Users\23470\Desktop\Auto-Mart\src\db/carDb.js
FNF:0
FNH:0
DA:2,1
DA:40,1
LF:2
LH:2
BRF:0
BRH:0
end_of_record
TN:
SF:C:\Users\23470\Desktop\Auto-Mart\src\db/orderDb.js
FNF:0
FNH:0
DA:1,1
DA:21,1
LF:2
LH:2
BRF:0
BRH:0
end_of_record
TN:
SF:C:\Users\23470\Desktop\Auto-Mart\src\db/userDb.js
FNF:0
FNH:0
DA:2,1
DA:25,1
LF:2
LH:2
BRF:0
BRH:0
end_of_record
TN:
SF:C:\Users\23470\Desktop\Auto-Mart\src\helper/isEmpty.js
FN:1,isEmpty
FNF:1
FNH:1
FNDA:9,isEmpty
DA:1,1
DA:2,9
DA:8,2
DA:12,1
LF:4
LH:4
BRDA:2,0,0,2
BRDA:2,0,1,7
BRDA:2,1,0,9
BRDA:2,1,1,9
BRDA:2,1,2,9
BRDA:2,1,3,9
BRDA:2,1,4,2
BRDA:2,1,5,7
BRDA:2,1,6,7
BRF:9
BRH:9
end_of_record
TN:
SF:C:\Users\23470\Desktop\Auto-Mart\src\helper\validations/validateLogin.js
FN:4,validateLogin
FNF:1
FNH:1
FNDA:1,validateLogin
DA:1,1
DA:2,1
DA:4,1
DA:5,1
DA:12,1
DA:13,1
DA:15,1
DA:16,0
DA:19,1
DA:20,0
DA:23,1
DA:24,0
DA:27,1
DA:33,1
LF:14
LH:11
BRDA:12,0,0,0
BRDA:12,0,1,1
BRDA:13,1,0,0
BRDA:13,1,1,1
BRDA:15,2,0,0
BRDA:15,2,1,1
BRDA:19,3,0,0
BRDA:19,3,1,1
BRDA:23,4,0,0
BRDA:23,4,1,1
BRF:10
BRH:5
end_of_record
TN:
SF:C:\Users\23470\Desktop\Auto-Mart\src\helper\validations/validateRegeisterInput.js
FN:4,validateRegisterInput
FNF:1
FNH:1
FNDA:1,validateRegisterInput
DA:1,1
DA:2,1
DA:4,1
DA:5,1
DA:12,1
DA:13,1
DA:14,1
DA:15,1
DA:16,1
DA:18,1
DA:19,0
DA:22,1
DA:24,0
DA:27,1
DA:28,0
DA:31,1
DA:33,0
DA:36,1
DA:37,0
DA:40,1
DA:41,0
DA:44,1
DA:45,0
DA:48,1
DA:49,0
DA:52,1
DA:58,1
LF:27
LH:19
BRDA:12,0,0,0
BRDA:12,0,1,1
BRDA:13,1,0,0
BRDA:13,1,1,1
BRDA:14,2,0,0
BRDA:14,2,1,1
BRDA:15,3,0,0
BRDA:15,3,1,1
BRDA:16,4,0,0
BRDA:16,4,1,1
BRDA:18,5,0,0
BRDA:18,5,1,1
BRDA:22,6,0,0
BRDA:22,6,1,1
BRDA:22,7,0,1
BRDA:22,7,1,1
BRDA:27,8,0,0
BRDA:27,8,1,1
BRDA:31,9,0,0
BRDA:31,9,1,1
BRDA:31,10,0,1
BRDA:31,10,1,1
BRDA:36,11,0,0
BRDA:36,11,1,1
BRDA:40,12,0,0
BRDA:40,12,1,1
BRDA:44,13,0,0
BRDA:44,13,1,1
BRDA:48,14,0,0
BRDA:48,14,1,1
BRF:30
BRH:17
end_of_record
TN:
SF:C:\Users\23470\Desktop\Auto-Mart\src\routes/order.js
FNF:0
FNH:0
DA:1,1
DA:2,1
DA:4,1
DA:6,1
DA:7,1
DA:10,1
LF:6
LH:6
BRF:0
BRH:0
end_of_record
TN:
SF:C:\Users\23470\Desktop\Auto-Mart\src\routes/user.js
FNF:0
FNH:0
DA:1,1
DA:2,1
DA:4,1
DA:6,1
DA:7,1
DA:9,1
LF:6
LH:6
BRF:0
BRH:0
end_of_record
TN:
SF:C:\Users\23470\Desktop\Auto-Mart\src\routes/vehicle.js
FNF:0
FNH:0
DA:1,1
DA:2,1
DA:4,1
DA:6,1
DA:7,1
DA:8,1
DA:9,1
DA:10,1
DA:11,1
DA:14,1
LF:10
LH:10
BRF:0
BRH:0
end_of_record
